/bin/sh: 行 1: /usr/bin/docker-compose: そのようなファイルやディレクトリはありません
/bin/bash: 行 1: /usr/bin/docker-compose: そのようなファイルやディレクトリはありません
Starting daily batch processing...
Processing 150A...
Processing 184A...
Processing 196A...
Processing 198A...
Processing 2164...
Processing 2342...
Processing 2351...
Processing 2388...
Processing 241A...
Processing 281A...
Processing 288A...
Processing 298A...
Processing 3042...
Processing 3137...
Processing 3185...
Processing 3187...
Processing 3237...
Processing 3444...
Processing 3550...
Processing 3624...
Processing 3645...
Processing 3646...
Processing 3664...
Processing 3674...
Processing 3680...
Processing 3727...
Processing 3908...
Processing 3917...
Processing 3929...
Processing 3936...
Processing 3976...
Processing 3987...
Processing 3998...
Processing 4014...
Processing 4017...
Processing 4052...
Processing 4057...
Processing 4167...
Processing 4170...
Processing 4179...
Processing 4240...
Processing 4260...
Processing 4265...
Processing 4370...
Processing 4378...
Processing 4381...
Processing 4424...
Processing 4427...
Processing 4438...
Processing 4447...
Processing 4484...
Processing 4487...
Processing 4490...
Processing 4591...
Processing 5817...
Processing 6433...
Processing 7726...
Daily batch processing completed.
Generating HTML report...
HTML generation completed. Output in output/
Starting daily batch processing...
Processing 150A...
Processing 184A...
Processing 196A...
Processing 198A...
Processing 2164...
Processing 2342...
Processing 2351...
Processing 2388...
Processing 241A...
Processing 281A...
Processing 288A...
Processing 298A...
Processing 3042...
Processing 3137...
Processing 3185...
Processing 3187...
Processing 3237...
Processing 3444...
Processing 3550...
Processing 3624...
Processing 3645...
Processing 3646...
Processing 3664...
Processing 3674...
Processing 3680...
Processing 3727...
Processing 3908...
Processing 3917...
Processing 3929...
Processing 3936...
Processing 3976...
Processing 3987...
Processing 3998...
Processing 4014...
Processing 4017...
Processing 4052...
Processing 4057...
Processing 4167...
Processing 4170...
Processing 4179...
Processing 4240...
Processing 4260...
Processing 4265...
Processing 4370...
Processing 4378...
Processing 4381...
Processing 4424...
Processing 4427...
Processing 4438...
Processing 4447...
Processing 4484...
Processing 4487...
Processing 4490...
Processing 4591...
Processing 5817...
Processing 6433...
Processing 7726...
Daily batch processing completed.
Generating HTML report...
HTML generation completed. Output in output/
Starting daily batch processing...
Processing 150A...
Processing 184A...
Processing 196A...
Processing 198A...
Processing 2164...
Processing 2342...
Processing 2351...
Processing 2388...
Processing 241A...
Processing 281A...
Processing 288A...
Processing 298A...
Processing 3042...
Processing 3137...
Processing 3185...
Processing 3187...
Processing 3237...
Processing 3444...
Processing 3550...
Processing 3624...
Processing 3645...
Processing 3646...
Processing 3664...
Processing 3674...
Processing 3680...
Processing 3727...
Processing 3908...
Processing 3917...
Processing 3929...
Processing 3936...
Processing 3976...
Processing 3987...
Processing 3998...
Processing 4014...
Processing 4017...
Processing 4052...
Processing 4057...
Processing 4167...
Processing 4170...
Processing 4179...
Processing 4240...
Processing 4260...
Processing 4265...
Processing 4370...
Processing 4378...
Processing 4381...
Processing 4424...
Processing 4427...
Processing 4438...
Processing 4447...
Processing 4484...
Processing 4487...
Processing 4490...
Processing 4591...
Processing 5817...
Processing 6433...
Processing 7726...
Daily batch processing completed.
Generating HTML report...
HTML generation completed. Output in output/
service "app" is not running
